
 Γ¢à∩╕Å wrangler 4.73.0
ΓöÇΓöÇΓöÇΓöÇΓöÇΓöÇΓöÇΓöÇΓöÇΓöÇΓöÇΓöÇΓöÇΓöÇΓöÇΓöÇΓöÇΓöÇΓöÇ
Resource location: remote 

≡ƒîÇ Executing on remote database nestmatch-uae (4fa9bd02-a8e2-4f25-8fae-d6d6c9073ebe):
≡ƒîÇ To execute on your local development database, remove the --remote flag from your wrangler command.
Note: if the execution fails to complete, your DB will return to its original state and you can safely retry.
Γö£ Checking if file needs uploading
Γöé
Γö£ ≡ƒîÇ Uploading 4fa9bd02-a8e2-4f25-8fae-d6d6c9073ebe.4f31f6e00a3c6b20.sql
Γöé ≡ƒîÇ Uploading complete.
Γöé
≡ƒîÇ Starting import...
≡ƒîÇ Processed 6 queries.
≡ƒÜú Executed 6 queries in 3.91ms (42 rows read, 124 rows written)
   Database is currently at bookmark 00000005-00000010-0000502f-2d861d484115f436805ec5befdd42ed0.
[
  {
    "results": [
      {
        "Total queries executed": 6,
        "Rows read": 42,
        "Rows written": 124,
        "Database size (MB)": "0.24"
      }
    ],
    "success": true,
    "finalBookmark": "00000005-00000010-0000502f-2d861d484115f436805ec5befdd42ed0",
    "meta": {
      "served_by": "v3-prod",
      "served_by_region": "WEUR",
      "served_by_colo": "LHR",
      "served_by_primary": true,
      "timings": {
        "sql_duration_ms": 3.9126
      },
      "duration": 3.9126,
      "changes": 18,
      "last_row_id": 2,
      "changed_db": true,
      "size_after": 241664,
      "rows_read": 42,
      "rows_written": 124,
      "num_tables": 14,
      "total_attempts": 1
    }
  }
]
